d:\c代码\mfcapplication1\任务管理器\x64\debug\任务管理器.pch
d:\c代码\mfcapplication1\任务管理器\x64\debug\vc140.pdb
d:\c代码\mfcapplication1\任务管理器\x64\debug\vc140.idb
d:\c代码\mfcapplication1\任务管理器\x64\debug\stdafx.obj
d:\c代码\mfcapplication1\任务管理器\x64\debug\heapdlg.obj
d:\c代码\mfcapplication1\任务管理器\x64\debug\moduledlg.obj
d:\c代码\mfcapplication1\任务管理器\x64\debug\processdlg.obj
d:\c代码\mfcapplication1\任务管理器\x64\debug\wnddlg.obj
d:\c代码\mfcapplication1\任务管理器\x64\debug\任务管理器.obj
d:\c代码\mfcapplication1\任务管理器\x64\debug\任务管理器dlg.obj
d:\c代码\mfcapplication1\任务管理器\x64\debug\filedlg.obj
d:\c代码\mfcapplication1\x64\debug\任务管理器.ilk
d:\c代码\mfcapplication1\x64\debug\任务管理器.exe
d:\c代码\mfcapplication1\x64\debug\任务管理器.pdb
d:\c代码\mfcapplication1\任务管理器\x64\debug\任务管理器.res
d:\c代码\mfcapplication1\任务管理器\x64\debug\任务管理器.tlog\cl.command.1.tlog
d:\c代码\mfcapplication1\任务管理器\x64\debug\任务管理器.tlog\cl.read.1.tlog
d:\c代码\mfcapplication1\任务管理器\x64\debug\任务管理器.tlog\cl.write.1.tlog
d:\c代码\mfcapplication1\任务管理器\x64\debug\任务管理器.tlog\link.command.1.tlog
d:\c代码\mfcapplication1\任务管理器\x64\debug\任务管理器.tlog\link.read.1.tlog
d:\c代码\mfcapplication1\任务管理器\x64\debug\任务管理器.tlog\link.write.1.tlog
d:\c代码\mfcapplication1\任务管理器\x64\debug\任务管理器.tlog\rc.command.1.tlog
d:\c代码\mfcapplication1\任务管理器\x64\debug\任务管理器.tlog\rc.read.1.tlog
d:\c代码\mfcapplication1\任务管理器\x64\debug\任务管理器.tlog\rc.write.1.tlog
